<?xml version="1.0" encoding="UTF-8"?>
<testng-results ignored="0" total="1" passed="1" failed="0" skipped="0">
  <reporter-output>
  </reporter-output>
  <suite started-at="2023-09-23T11:52:22 IST" name="Default suite" finished-at="2023-09-23T11:52:39 IST" duration-ms="16988">
    <groups>
    </groups>
    <test started-at="2023-09-23T11:52:22 IST" name="Default test" finished-at="2023-09-23T11:52:39 IST" duration-ms="16988">
      <class name="com.at.testLayer.LoginPageTest">
        <test-method is-config="true" signature="setUp()[pri:0, instance:com.at.testLayer.LoginPageTest@42e99e4a]" started-at="2023-09-23T11:52:22 IST" name="setUp" finished-at="2023-09-23T11:52:27 IST" duration-ms="4828" status="PASS">
          <reporter-output>
          </reporter-output>
        </test-method> <!-- setUp -->
        <test-method signature="verifyLoginPage()[pri:0, instance:com.at.testLayer.LoginPageTest@42e99e4a]" started-at="2023-09-23T11:52:27 IST" name="verifyLoginPage" finished-at="2023-09-23T11:52:39 IST" duration-ms="11655" status="PASS">
          <reporter-output>
          </reporter-output>
        </test-method> <!-- verifyLoginPage -->
        <test-method is-config="true" signature="tearDown()[pri:0, instance:com.at.testLayer.LoginPageTest@42e99e4a]" started-at="2023-09-23T11:52:39 IST" name="tearDown" finished-at="2023-09-23T11:52:39 IST" duration-ms="453" status="PASS">
          <reporter-output>
          </reporter-output>
        </test-method> <!-- tearDown -->
      </class> <!-- com.at.testLayer.LoginPageTest -->
    </test> <!-- Default test -->
  </suite> <!-- Default suite -->
</testng-results>
